c:\users\might\projects\orionengine2.0\src\orion.dir\debug\vc142.pdb
c:\users\might\projects\orionengine2.0\src\orion.dir\debug\eventhandlerread.obj
c:\users\might\projects\orionengine2.0\src\orion.dir\debug\orb.obj
c:\users\might\projects\orionengine2.0\src\orion.dir\debug\entitymanager.obj
c:\users\might\projects\orionengine2.0\src\orion.dir\debug\rendererimpl.obj
c:\users\might\projects\orionengine2.0\src\orion.dir\debug\background.obj
c:\users\might\projects\orionengine2.0\src\orion.dir\debug\orionentity.obj
c:\users\might\projects\orionengine2.0\src\orion.dir\debug\eventhandlerimpl.obj
c:\users\might\projects\orionengine2.0\src\orion.dir\debug\timerimpl.obj
c:\users\might\projects\orionengine2.0\src\orion.dir\debug\sdlhandler.obj
c:\users\might\projects\orionengine2.0\src\orion.dir\debug\hardwareabstractionlayer.obj
c:\users\might\projects\orionengine2.0\src\orion.dir\debug\timer.obj
c:\users\might\projects\orionengine2.0\src\orion.dir\debug\renderer.obj
c:\users\might\projects\orionengine2.0\src\orion.dir\debug\eventhandler.obj
c:\users\might\projects\orionengine2.0\src\orion.dir\debug\orionloop.obj
c:\users\might\projects\orionengine2.0\src\orion.dir\debug\collisionmap.obj
c:\users\might\projects\orionengine2.0\src\orion.dir\debug\optionsloader.obj
c:\users\might\projects\orionengine2.0\src\orion.dir\debug\main.obj
c:\users\might\projects\orionengine2.0\src\orion.dir\debug\isprime.obj
c:\users\might\projects\orionengine2.0\src\orion.dir\debug\formula.obj
c:\users\might\projects\orionengine2.0\src\orion.dir\debug\orionengine2.obj
c:\users\might\projects\orionengine2.0\src\orion.dir\debug\decoupledhardwareabstractionlayer.obj
c:\users\might\projects\orionengine2.0\src\orion.dir\debug\wall.obj
c:\users\might\projects\orionengine2.0\src\orion.dir\debug\camera.obj
c:\users\might\projects\orionengine2.0\src\orion.dir\debug\eventhandlerwrite.obj
c:\users\might\projects\orionengine2.0\src\cmakefiles\generate.stamp
c:\users\might\projects\orionengine2.0\src\orion.dir\debug\orion.ilk
c:\users\might\projects\orionengine2.0\src\bin\debug\orion.exe
c:\users\might\projects\orionengine2.0\src\bin\debug\orion.pdb
c:\users\might\projects\orionengine2.0\src\orion.dir\debug\orion.tlog\cl.command.1.tlog
c:\users\might\projects\orionengine2.0\src\orion.dir\debug\orion.tlog\cl.read.1.tlog
c:\users\might\projects\orionengine2.0\src\orion.dir\debug\orion.tlog\cl.write.1.tlog
c:\users\might\projects\orionengine2.0\src\orion.dir\debug\orion.tlog\custombuild.command.1.tlog
c:\users\might\projects\orionengine2.0\src\orion.dir\debug\orion.tlog\custombuild.read.1.tlog
c:\users\might\projects\orionengine2.0\src\orion.dir\debug\orion.tlog\custombuild.write.1.tlog
c:\users\might\projects\orionengine2.0\src\orion.dir\debug\orion.tlog\link.command.1.tlog
c:\users\might\projects\orionengine2.0\src\orion.dir\debug\orion.tlog\link.read.1.tlog
c:\users\might\projects\orionengine2.0\src\orion.dir\debug\orion.tlog\link.write.1.tlog
