c:\users\might\projects\orionengine2.0\lib\rapidcheck\debug\rapidcheck.pdb
c:\users\might\projects\orionengine2.0\lib\rapidcheck\rapidcheck.dir\debug\propertycontext.obj
c:\users\might\projects\orionengine2.0\lib\rapidcheck\rapidcheck.dir\debug\property.obj
c:\users\might\projects\orionengine2.0\lib\rapidcheck\rapidcheck.dir\debug\platform.obj
c:\users\might\projects\orionengine2.0\lib\rapidcheck\rapidcheck.dir\debug\parseexception.obj
c:\users\might\projects\orionengine2.0\lib\rapidcheck\rapidcheck.dir\debug\multicasttestlistener.obj
c:\users\might\projects\orionengine2.0\lib\rapidcheck\rapidcheck.dir\debug\mapparser.obj
c:\users\might\projects\orionengine2.0\lib\rapidcheck\rapidcheck.dir\debug\logtestlistener.obj
c:\users\might\projects\orionengine2.0\lib\rapidcheck\rapidcheck.dir\debug\implicitparam.obj
c:\users\might\projects\orionengine2.0\lib\rapidcheck\rapidcheck.dir\debug\frequencymap.obj
c:\users\might\projects\orionengine2.0\lib\rapidcheck\rapidcheck.dir\debug\defaulttestlistener.obj
c:\users\might\projects\orionengine2.0\lib\rapidcheck\rapidcheck.dir\debug\configuration.obj
c:\users\might\projects\orionengine2.0\lib\rapidcheck\rapidcheck.dir\debug\base64.obj
c:\users\might\projects\orionengine2.0\lib\rapidcheck\rapidcheck.dir\debug\assertions.obj
c:\users\might\projects\orionengine2.0\lib\rapidcheck\rapidcheck.dir\debug\any.obj
c:\users\might\projects\orionengine2.0\lib\rapidcheck\rapidcheck.dir\debug\show.obj
c:\users\might\projects\orionengine2.0\lib\rapidcheck\rapidcheck.dir\debug\log.obj
c:\users\might\projects\orionengine2.0\lib\rapidcheck\rapidcheck.dir\debug\generationfailure.obj
c:\users\might\projects\orionengine2.0\lib\rapidcheck\rapidcheck.dir\debug\classify.obj
c:\users\might\projects\orionengine2.0\lib\rapidcheck\rapidcheck.dir\debug\check.obj
c:\users\might\projects\orionengine2.0\lib\rapidcheck\rapidcheck.dir\debug\beforeminimaltestcase.obj
c:\users\might\projects\orionengine2.0\lib\rapidcheck\rapidcheck.dir\debug\scaleinteger.obj
c:\users\might\projects\orionengine2.0\lib\rapidcheck\rapidcheck.dir\debug\recipe.obj
c:\users\might\projects\orionengine2.0\lib\rapidcheck\rapidcheck.dir\debug\generationhandler.obj
c:\users\might\projects\orionengine2.0\lib\rapidcheck\rapidcheck.dir\debug\exechandler.obj
c:\users\might\projects\orionengine2.0\lib\rapidcheck\rapidcheck.dir\debug\text.obj
c:\users\might\projects\orionengine2.0\lib\rapidcheck\rapidcheck.dir\debug\numeric.obj
c:\users\might\projects\orionengine2.0\lib\rapidcheck\rapidcheck.dir\debug\testing.obj
c:\users\might\projects\orionengine2.0\lib\rapidcheck\rapidcheck.dir\debug\testparams.obj
c:\users\might\projects\orionengine2.0\lib\rapidcheck\rapidcheck.dir\debug\testmetadata.obj
c:\users\might\projects\orionengine2.0\lib\rapidcheck\rapidcheck.dir\debug\stringserialization.obj
c:\users\might\projects\orionengine2.0\lib\rapidcheck\rapidcheck.dir\debug\serialization.obj
c:\users\might\projects\orionengine2.0\lib\rapidcheck\rapidcheck.dir\debug\results.obj
c:\users\might\projects\orionengine2.0\lib\rapidcheck\rapidcheck.dir\debug\reproducelistener.obj
c:\users\might\projects\orionengine2.0\lib\rapidcheck\rapidcheck.dir\debug\random.obj
c:\users\might\projects\orionengine2.0\lib\rapidcheck\cmakefiles\generate.stamp
c:\users\might\projects\orionengine2.0\lib\rapidcheck\debug\rapidcheck.lib
c:\users\might\projects\orionengine2.0\lib\rapidcheck\rapidcheck.dir\debug\rapidcheck.tlog\cl.command.1.tlog
c:\users\might\projects\orionengine2.0\lib\rapidcheck\rapidcheck.dir\debug\rapidcheck.tlog\cl.read.1.tlog
c:\users\might\projects\orionengine2.0\lib\rapidcheck\rapidcheck.dir\debug\rapidcheck.tlog\cl.write.1.tlog
c:\users\might\projects\orionengine2.0\lib\rapidcheck\rapidcheck.dir\debug\rapidcheck.tlog\custombuild.command.1.tlog
c:\users\might\projects\orionengine2.0\lib\rapidcheck\rapidcheck.dir\debug\rapidcheck.tlog\custombuild.read.1.tlog
c:\users\might\projects\orionengine2.0\lib\rapidcheck\rapidcheck.dir\debug\rapidcheck.tlog\custombuild.write.1.tlog
c:\users\might\projects\orionengine2.0\lib\rapidcheck\rapidcheck.dir\debug\rapidcheck.tlog\lib-link.read.1.tlog
c:\users\might\projects\orionengine2.0\lib\rapidcheck\rapidcheck.dir\debug\rapidcheck.tlog\lib-link.write.1.tlog
c:\users\might\projects\orionengine2.0\lib\rapidcheck\rapidcheck.dir\debug\rapidcheck.tlog\lib.command.1.tlog
