c:\users\might\projects\orionengine2.0\src\debug\orion_lib.pdb
c:\users\might\projects\orionengine2.0\src\orion_lib.dir\debug\eventhandlerread.obj
c:\users\might\projects\orionengine2.0\src\orion_lib.dir\debug\orb.obj
c:\users\might\projects\orionengine2.0\src\orion_lib.dir\debug\entitymanager.obj
c:\users\might\projects\orionengine2.0\src\orion_lib.dir\debug\rendererimpl.obj
c:\users\might\projects\orionengine2.0\src\orion_lib.dir\debug\background.obj
c:\users\might\projects\orionengine2.0\src\orion_lib.dir\debug\orionentity.obj
c:\users\might\projects\orionengine2.0\src\orion_lib.dir\debug\eventhandlerimpl.obj
c:\users\might\projects\orionengine2.0\src\orion_lib.dir\debug\timerimpl.obj
c:\users\might\projects\orionengine2.0\src\orion_lib.dir\debug\sdlhandler.obj
c:\users\might\projects\orionengine2.0\src\orion_lib.dir\debug\hardwareabstractionlayer.obj
c:\users\might\projects\orionengine2.0\src\orion_lib.dir\debug\timer.obj
c:\users\might\projects\orionengine2.0\src\orion_lib.dir\debug\renderer.obj
c:\users\might\projects\orionengine2.0\src\orion_lib.dir\debug\eventhandler.obj
c:\users\might\projects\orionengine2.0\src\orion_lib.dir\debug\orionloop.obj
c:\users\might\projects\orionengine2.0\src\orion_lib.dir\debug\collisionmap.obj
c:\users\might\projects\orionengine2.0\src\orion_lib.dir\debug\optionsloader.obj
c:\users\might\projects\orionengine2.0\src\orion_lib.dir\debug\main.obj
c:\users\might\projects\orionengine2.0\src\orion_lib.dir\debug\isprime.obj
c:\users\might\projects\orionengine2.0\src\orion_lib.dir\debug\formula.obj
c:\users\might\projects\orionengine2.0\src\orion_lib.dir\debug\orionengine2.obj
c:\users\might\projects\orionengine2.0\src\orion_lib.dir\debug\decoupledhardwareabstractionlayer.obj
c:\users\might\projects\orionengine2.0\src\orion_lib.dir\debug\wall.obj
c:\users\might\projects\orionengine2.0\src\orion_lib.dir\debug\camera.obj
c:\users\might\projects\orionengine2.0\src\orion_lib.dir\debug\eventhandlerwrite.obj
c:\users\might\projects\orionengine2.0\src\cmakefiles\generate.stamp
c:\users\might\projects\orionengine2.0\src\debug\orion_lib.lib
c:\users\might\projects\orionengine2.0\src\orion_lib.dir\debug\orion_lib.tlog\cl.command.1.tlog
c:\users\might\projects\orionengine2.0\src\orion_lib.dir\debug\orion_lib.tlog\cl.read.1.tlog
c:\users\might\projects\orionengine2.0\src\orion_lib.dir\debug\orion_lib.tlog\cl.write.1.tlog
c:\users\might\projects\orionengine2.0\src\orion_lib.dir\debug\orion_lib.tlog\custombuild.command.1.tlog
c:\users\might\projects\orionengine2.0\src\orion_lib.dir\debug\orion_lib.tlog\custombuild.read.1.tlog
c:\users\might\projects\orionengine2.0\src\orion_lib.dir\debug\orion_lib.tlog\custombuild.write.1.tlog
c:\users\might\projects\orionengine2.0\src\orion_lib.dir\debug\orion_lib.tlog\lib-link.read.1.tlog
c:\users\might\projects\orionengine2.0\src\orion_lib.dir\debug\orion_lib.tlog\lib-link.write.1.tlog
c:\users\might\projects\orionengine2.0\src\orion_lib.dir\debug\orion_lib.tlog\lib.command.1.tlog
